Analysis & Synthesis report for KhanJohnFinal
Wed May 23 09:32:37 2018
Quartus II Version 9.1 Build 350 03/24/2010 Service Pack 2 SJ Web Edition


---------------------
; Table of Contents ;
---------------------
  1. Legal Notice
  2. Analysis & Synthesis Summary
  3. Analysis & Synthesis Settings
  4. Parallel Compilation
  5. Analysis & Synthesis Source Files Read
  6. Analysis & Synthesis Resource Usage Summary
  7. Analysis & Synthesis Resource Utilization by Entity
  8. State Machine - |KhanJohnFinal|state_machine:inst1|state
  9. General Register Statistics
 10. Analysis & Synthesis Messages



----------------
; Legal Notice ;
----------------
Copyright (C) 1991-2010 Altera Corporation
Your use of Altera Corporation's design tools, logic functions 
and other software and tools, and its AMPP partner logic 
functions, and any output files from any of the foregoing 
(including device programming or simulation files), and any 
associated documentation or information are expressly subject 
to the terms and conditions of the Altera Program License 
Subscription Agreement, Altera MegaCore Function License 
Agreement, or other applicable license agreement, including, 
without limitation, that your use is for the sole purpose of 
programming logic devices manufactured by Altera and sold by 
Altera or its authorized distributors.  Please refer to the 
applicable agreement for further details.



+-----------------------------------------------------------------------------------+
; Analysis & Synthesis Summary                                                      ;
+------------------------------------+----------------------------------------------+
; Analysis & Synthesis Status        ; Successful - Wed May 23 09:32:37 2018        ;
; Quartus II Version                 ; 9.1 Build 350 03/24/2010 SP 2 SJ Web Edition ;
; Revision Name                      ; KhanJohnFinal                                ;
; Top-level Entity Name              ; KhanJohnFinal                                ;
; Family                             ; Cyclone II                                   ;
; Total logic elements               ; 39                                           ;
;     Total combinational functions  ; 39                                           ;
;     Dedicated logic registers      ; 25                                           ;
; Total registers                    ; 25                                           ;
; Total pins                         ; 18                                           ;
; Total virtual pins                 ; 0                                            ;
; Total memory bits                  ; 0                                            ;
; Embedded Multiplier 9-bit elements ; 0                                            ;
; Total PLLs                         ; 0                                            ;
+------------------------------------+----------------------------------------------+


+----------------------------------------------------------------------------------------------------------------------+
; Analysis & Synthesis Settings                                                                                        ;
+----------------------------------------------------------------------------+--------------------+--------------------+
; Option                                                                     ; Setting            ; Default Value      ;
+----------------------------------------------------------------------------+--------------------+--------------------+
; Device                                                                     ; EP2C35F672C6       ;                    ;
; Top-level entity name                                                      ; KhanJohnFinal      ; KhanJohnFinal      ;
; Family name                                                                ; Cyclone II         ; Stratix II         ;
; Use Generated Physical Constraints File                                    ; Off                ;                    ;
; Use smart compilation                                                      ; Off                ; Off                ;
; Enable parallel Assembler and TimeQuest Timing Analyzer during compilation ; On                 ; On                 ;
; Enable compact report table                                                ; Off                ; Off                ;
; Restructure Multiplexers                                                   ; Auto               ; Auto               ;
; Create Debugging Nodes for IP Cores                                        ; Off                ; Off                ;
; Preserve fewer node names                                                  ; On                 ; On                 ;
; Disable OpenCore Plus hardware evaluation                                  ; Off                ; Off                ;
; Verilog Version                                                            ; Verilog_2001       ; Verilog_2001       ;
; VHDL Version                                                               ; VHDL_1993          ; VHDL_1993          ;
; State Machine Processing                                                   ; Auto               ; Auto               ;
; Safe State Machine                                                         ; Off                ; Off                ;
; Extract Verilog State Machines                                             ; On                 ; On                 ;
; Extract VHDL State Machines                                                ; On                 ; On                 ;
; Ignore Verilog initial constructs                                          ; Off                ; Off                ;
; Iteration limit for constant Verilog loops                                 ; 5000               ; 5000               ;
; Iteration limit for non-constant Verilog loops                             ; 250                ; 250                ;
; Add Pass-Through Logic to Inferred RAMs                                    ; On                 ; On                 ;
; Parallel Synthesis                                                         ; On                 ; On                 ;
; DSP Block Balancing                                                        ; Auto               ; Auto               ;
; NOT Gate Push-Back                                                         ; On                 ; On                 ;
; Power-Up Don't Care                                                        ; On                 ; On                 ;
; Remove Redundant Logic Cells                                               ; Off                ; Off                ;
; Remove Duplicate Registers                                                 ; On                 ; On                 ;
; Ignore CARRY Buffers                                                       ; Off                ; Off                ;
; Ignore CASCADE Buffers                                                     ; Off                ; Off                ;
; Ignore GLOBAL Buffers                                                      ; Off                ; Off                ;
; Ignore ROW GLOBAL Buffers                                                  ; Off                ; Off                ;
; Ignore LCELL Buffers                                                       ; Off                ; Off                ;
; Ignore SOFT Buffers                                                        ; On                 ; On                 ;
; Limit AHDL Integers to 32 Bits                                             ; Off                ; Off                ;
; Optimization Technique                                                     ; Balanced           ; Balanced           ;
; Carry Chain Length                                                         ; 70                 ; 70                 ;
; Auto Carry Chains                                                          ; On                 ; On                 ;
; Auto Open-Drain Pins                                                       ; On                 ; On                 ;
; Perform WYSIWYG Primitive Resynthesis                                      ; Off                ; Off                ;
; Auto ROM Replacement                                                       ; On                 ; On                 ;
; Auto RAM Replacement                                                       ; On                 ; On                 ;
; Auto Shift Register Replacement                                            ; Auto               ; Auto               ;
; Auto Clock Enable Replacement                                              ; On                 ; On                 ;
; Strict RAM Replacement                                                     ; Off                ; Off                ;
; Allow Synchronous Control Signals                                          ; On                 ; On                 ;
; Force Use of Synchronous Clear Signals                                     ; Off                ; Off                ;
; Auto RAM to Logic Cell Conversion                                          ; Off                ; Off                ;
; Auto Resource Sharing                                                      ; Off                ; Off                ;
; Allow Any RAM Size For Recognition                                         ; Off                ; Off                ;
; Allow Any ROM Size For Recognition                                         ; Off                ; Off                ;
; Allow Any Shift Register Size For Recognition                              ; Off                ; Off                ;
; Use LogicLock Constraints during Resource Balancing                        ; On                 ; On                 ;
; Ignore translate_off and synthesis_off directives                          ; Off                ; Off                ;
; Timing-Driven Synthesis                                                    ; Off                ; Off                ;
; Show Parameter Settings Tables in Synthesis Report                         ; On                 ; On                 ;
; Ignore Maximum Fan-Out Assignments                                         ; Off                ; Off                ;
; Synchronization Register Chain Length                                      ; 2                  ; 2                  ;
; PowerPlay Power Optimization                                               ; Normal compilation ; Normal compilation ;
; HDL message level                                                          ; Level2             ; Level2             ;
; Suppress Register Optimization Related Messages                            ; Off                ; Off                ;
; Number of Removed Registers Reported in Synthesis Report                   ; 5000               ; 5000               ;
; Number of Inverted Registers Reported in Synthesis Report                  ; 100                ; 100                ;
; Clock MUX Protection                                                       ; On                 ; On                 ;
; Auto Gated Clock Conversion                                                ; Off                ; Off                ;
; Block Design Naming                                                        ; Auto               ; Auto               ;
; SDC constraint protection                                                  ; Off                ; Off                ;
; Synthesis Effort                                                           ; Auto               ; Auto               ;
; Shift Register Replacement - Allow Asynchronous Clear Signal               ; On                 ; On                 ;
; Analysis & Synthesis Message Level                                         ; Medium             ; Medium             ;
; Disable Register Merging Across Hierarchies                                ; Auto               ; Auto               ;
; Resource Aware Inference For Block RAM                                     ; On                 ; On                 ;
+----------------------------------------------------------------------------+--------------------+--------------------+


Parallel compilation was disabled, but you have multiple processors available. Enable parallel compilation to reduce compilation time.
+-------------------------------------+
; Parallel Compilation                ;
+----------------------------+--------+
; Processors                 ; Number ;
+----------------------------+--------+
; Number detected on machine ; 2      ;
; Maximum allowed            ; 1      ;
+----------------------------+--------+


+----------------------------------------------------------------------------------------------------------------------------------------------------------------------------------------------------+
; Analysis & Synthesis Source Files Read                                                                                                                                                             ;
+----------------------------------+-----------------+------------------------------------+----------------------------------------------------------------------------------------------------------+
; File Name with User-Entered Path ; Used in Netlist ; File Type                          ; File Name with Absolute Path                                                                             ;
+----------------------------------+-----------------+------------------------------------+----------------------------------------------------------------------------------------------------------+
; FourBitFreqDiv.vhd               ; yes             ; User VHDL File                     ; C:/Users/weadb/OneDrive/Documents/Citytech/4805 component and subsystem/finalJohnKhan/FourBitFreqDiv.vhd ;
; dec7seg.vhd                      ; yes             ; User VHDL File                     ; C:/Users/weadb/OneDrive/Documents/Citytech/4805 component and subsystem/finalJohnKhan/dec7seg.vhd        ;
; state_machine.vhd                ; yes             ; User VHDL File                     ; C:/Users/weadb/OneDrive/Documents/Citytech/4805 component and subsystem/finalJohnKhan/state_machine.vhd  ;
; KhanJohnFinal.bdf                ; yes             ; User Block Diagram/Schematic File  ; C:/Users/weadb/OneDrive/Documents/Citytech/4805 component and subsystem/finalJohnKhan/KhanJohnFinal.bdf  ;
; MUX.vhd                          ; yes             ; User VHDL File                     ; C:/Users/weadb/OneDrive/Documents/Citytech/4805 component and subsystem/finalJohnKhan/MUX.vhd            ;
+----------------------------------+-----------------+------------------------------------+----------------------------------------------------------------------------------------------------------+


+-----------------------------------------------------+
; Analysis & Synthesis Resource Usage Summary         ;
+---------------------------------------------+-------+
; Resource                                    ; Usage ;
+---------------------------------------------+-------+
; Estimated Total logic elements              ; 39    ;
;                                             ;       ;
; Total combinational functions               ; 39    ;
; Logic element usage by number of LUT inputs ;       ;
;     -- 4 input functions                    ; 0     ;
;     -- 3 input functions                    ; 19    ;
;     -- <=2 input functions                  ; 20    ;
;                                             ;       ;
; Logic elements by mode                      ;       ;
;     -- normal mode                          ; 20    ;
;     -- arithmetic mode                      ; 19    ;
;                                             ;       ;
; Total registers                             ; 25    ;
;     -- Dedicated logic registers            ; 25    ;
;     -- I/O registers                        ; 0     ;
;                                             ;       ;
; I/O pins                                    ; 18    ;
; Maximum fan-out node                        ; CLK   ;
; Maximum fan-out                             ; 21    ;
; Total fan-out                               ; 198   ;
; Average fan-out                             ; 2.41  ;
+---------------------------------------------+-------+


+--------------------------------------------------------------------------------------------------------------------------------------------------------------------------------------------+
; Analysis & Synthesis Resource Utilization by Entity                                                                                                                                        ;
+----------------------------+-------------------+--------------+-------------+--------------+---------+-----------+------+--------------+------------------------------------+--------------+
; Compilation Hierarchy Node ; LC Combinationals ; LC Registers ; Memory Bits ; DSP Elements ; DSP 9x9 ; DSP 18x18 ; Pins ; Virtual Pins ; Full Hierarchy Name                ; Library Name ;
+----------------------------+-------------------+--------------+-------------+--------------+---------+-----------+------+--------------+------------------------------------+--------------+
; |KhanJohnFinal             ; 39 (0)            ; 25 (0)       ; 0           ; 0            ; 0       ; 0         ; 18   ; 0            ; |KhanJohnFinal                     ; work         ;
;    |FourBitFreqDiv:inst|   ; 21 (21)           ; 21 (21)      ; 0           ; 0            ; 0       ; 0         ; 0    ; 0            ; |KhanJohnFinal|FourBitFreqDiv:inst ;              ;
;    |MUX:inst2|             ; 7 (7)             ; 0 (0)        ; 0           ; 0            ; 0       ; 0         ; 0    ; 0            ; |KhanJohnFinal|MUX:inst2           ;              ;
;    |dec7seg:inst3|         ; 7 (7)             ; 0 (0)        ; 0           ; 0            ; 0       ; 0         ; 0    ; 0            ; |KhanJohnFinal|dec7seg:inst3       ;              ;
;    |state_machine:inst1|   ; 4 (4)             ; 4 (4)        ; 0           ; 0            ; 0       ; 0         ; 0    ; 0            ; |KhanJohnFinal|state_machine:inst1 ;              ;
+----------------------------+-------------------+--------------+-------------+--------------+---------+-----------+------+--------------+------------------------------------+--------------+
Note: For table entries with two numbers listed, the numbers in parentheses indicate the number of resources of the given type used by the specific entity alone. The numbers listed outside of parentheses indicate the total resources of the given type used by the specific entity and all of its sub-entities in the hierarchy.


Encoding Type:  One-Hot
+----------------------------------------------------------+
; State Machine - |KhanJohnFinal|state_machine:inst1|state ;
+----------+----------+----------+----------+--------------+
; Name     ; state.S3 ; state.S2 ; state.S1 ; state.S0     ;
+----------+----------+----------+----------+--------------+
; state.S0 ; 0        ; 0        ; 0        ; 0            ;
; state.S1 ; 0        ; 0        ; 1        ; 1            ;
; state.S2 ; 0        ; 1        ; 0        ; 1            ;
; state.S3 ; 1        ; 0        ; 0        ; 1            ;
+----------+----------+----------+----------+--------------+


+------------------------------------------------------+
; General Register Statistics                          ;
+----------------------------------------------+-------+
; Statistic                                    ; Value ;
+----------------------------------------------+-------+
; Total registers                              ; 25    ;
; Number of registers using Synchronous Clear  ; 0     ;
; Number of registers using Synchronous Load   ; 0     ;
; Number of registers using Asynchronous Clear ; 21    ;
; Number of registers using Asynchronous Load  ; 0     ;
; Number of registers using Clock Enable       ; 20    ;
; Number of registers using Preset             ; 0     ;
+----------------------------------------------+-------+


+-------------------------------+
; Analysis & Synthesis Messages ;
+-------------------------------+
Info: *******************************************************************
Info: Running Quartus II Analysis & Synthesis
    Info: Version 9.1 Build 350 03/24/2010 Service Pack 2 SJ Web Edition
    Info: Processing started: Wed May 23 09:32:36 2018
Info: Command: quartus_map --read_settings_files=on --write_settings_files=off KhanJohnFinal -c KhanJohnFinal
Info: Found 2 design units, including 1 entities, in source file fourbitfreqdiv.vhd
    Info: Found design unit 1: FourBitFreqDiv-arc
    Info: Found entity 1: FourBitFreqDiv
Info: Found 2 design units, including 1 entities, in source file dec7seg.vhd
    Info: Found design unit 1: dec7seg-Behavior
    Info: Found entity 1: dec7seg
Info: Found 2 design units, including 1 entities, in source file state_machine.vhd
    Info: Found design unit 1: state_machine-arc
    Info: Found entity 1: state_machine
Info: Found 1 design units, including 1 entities, in source file khanjohnfinal.bdf
    Info: Found entity 1: KhanJohnFinal
Warning: Entity "MUX" obtained from "C:/Users/weadb/OneDrive/Documents/Citytech/4805 component and subsystem/finalJohnKhan/MUX.vhd" instead of from Quartus II megafunction library
Info: Found 2 design units, including 1 entities, in source file mux.vhd
    Info: Found design unit 1: MUX-Behavior
    Info: Found entity 1: MUX
Info: Elaborating entity "KhanJohnFinal" for the top level hierarchy
Info: Elaborating entity "state_machine" for hierarchy "state_machine:inst1"
Info: Elaborating entity "MUX" for hierarchy "MUX:inst2"
Warning (10492): VHDL Process Statement warning at MUX.vhd(13): signal "A" is read inside the Process Statement but isn't in the Process Statement's sensitivity list
Warning (10492): VHDL Process Statement warning at MUX.vhd(14): signal "B" is read inside the Process Statement but isn't in the Process Statement's sensitivity list
Warning (10492): VHDL Process Statement warning at MUX.vhd(15): signal "C" is read inside the Process Statement but isn't in the Process Statement's sensitivity list
Warning (10492): VHDL Process Statement warning at MUX.vhd(16): signal "D" is read inside the Process Statement but isn't in the Process Statement's sensitivity list
Warning (10492): VHDL Process Statement warning at MUX.vhd(17): signal "E" is read inside the Process Statement but isn't in the Process Statement's sensitivity list
Warning (10492): VHDL Process Statement warning at MUX.vhd(18): signal "F" is read inside the Process Statement but isn't in the Process Statement's sensitivity list
Warning (10492): VHDL Process Statement warning at MUX.vhd(19): signal "G" is read inside the Process Statement but isn't in the Process Statement's sensitivity list
Warning (10492): VHDL Process Statement warning at MUX.vhd(20): signal "H" is read inside the Process Statement but isn't in the Process Statement's sensitivity list
Info: Elaborating entity "FourBitFreqDiv" for hierarchy "FourBitFreqDiv:inst"
Info: Elaborating entity "dec7seg" for hierarchy "dec7seg:inst3"
Warning: Clock multiplexers are found and protected
    Warning: Found clock multiplexer MUX:inst2|Mux0
Info: Implemented 57 device resources after synthesis - the final resource count might be different
    Info: Implemented 7 input pins
    Info: Implemented 11 output pins
    Info: Implemented 39 logic cells
Info: Quartus II Analysis & Synthesis was successful. 0 errors, 11 warnings
    Info: Peak virtual memory: 253 megabytes
    Info: Processing ended: Wed May 23 09:32:37 2018
    Info: Elapsed time: 00:00:01
    Info: Total CPU time (on all processors): 00:00:01


